-------------------------------------------------------------------------------
Test set: com.ISCAS.OneBeltOneRoad.BaseTest
-------------------------------------------------------------------------------
Tests run: 1, Failures: 0, Errors: 1, Skipped: 0, Time elapsed: 0.051 s <<< FAILURE! - in com.ISCAS.OneBeltOneRoad.BaseTest
initializationError(com.ISCAS.OneBeltOneRoad.BaseTest)  Time elapsed: 0.004 s  <<< ERROR!
java.lang.Exception: No runnable methods

