<?xml version="1.0" encoding="UTF-8"?>
<testsuite xmlns:xsi="http://www.w3.org/2001/XMLSchema-instance" xsi:noNamespaceSchemaLocation="https://maven.apache.org/surefire/maven-surefire-plugin/xsd/surefire-test-report.xsd" name="com.ISCAS.OneBeltOneRoad.dao.GisDataDaoTest" time="0.59" tests="2" errors="0" skipped="1" failures="0">
  <properties>
[...]
</properties>
  <testcase name="queryBrAnnotationDataLayerFeaturesTest" classname="com.ISCAS.OneBeltOneRoad.dao.GisDataDaoTest" time="0.589"/>
  <testcase name="queryBrAnnotationDataLayersTest" classname="com.ISCAS.OneBeltOneRoad.dao.GisDataDaoTest" time="0">
    <skipped/>
  </testcase>
</testsuite>